Analysis & Synthesis report for CPU_19_bit
Sat Oct 05 23:38:01 2024
Quartus Prime Version 20.1.1 Build 720 11/11/2020 SJ Lite Edition


---------------------
; Table of Contents ;
---------------------
  1. Legal Notice
  2. Analysis & Synthesis Summary
  3. Analysis & Synthesis Settings
  4. Parallel Compilation
  5. Analysis & Synthesis Source Files Read
  6. Analysis & Synthesis Resource Usage Summary
  7. Analysis & Synthesis Resource Utilization by Entity
  8. User-Specified and Inferred Latches
  9. General Register Statistics
 10. Multiplexer Restructuring Statistics (Restructuring Performed)
 11. Port Connectivity Checks: "datapath:Datapath|alu:ALU"
 12. Port Connectivity Checks: "datapath:Datapath|adder:pcadd1"
 13. Port Connectivity Checks: "datapath:Datapath"
 14. Port Connectivity Checks: "main_decoder:controller"
 15. Post-Synthesis Netlist Statistics for Top Partition
 16. Elapsed Time Per Partition
 17. Analysis & Synthesis Messages
 18. Analysis & Synthesis Suppressed Messages



----------------
; Legal Notice ;
----------------
Copyright (C) 2020  Intel Corporation. All rights reserved.
Your use of Intel Corporation's design tools, logic functions 
and other software and tools, and any partner logic 
functions, and any output files from any of the foregoing 
(including device programming or simulation files), and any 
associated documentation or information are expressly subject 
to the terms and conditions of the Intel Program License 
Subscription Agreement, the Intel Quartus Prime License Agreement,
the Intel FPGA IP License Agreement, or other applicable license
agreement, including, without limitation, that your use is for
the sole purpose of programming logic devices manufactured by
Intel and sold by Intel or its authorized distributors.  Please
refer to the applicable agreement for further details, at
https://fpgasoftware.intel.com/eula.



+----------------------------------------------------------------------------------+
; Analysis & Synthesis Summary                                                     ;
+------------------------------------+---------------------------------------------+
; Analysis & Synthesis Status        ; Successful - Sat Oct 05 23:38:01 2024       ;
; Quartus Prime Version              ; 20.1.1 Build 720 11/11/2020 SJ Lite Edition ;
; Revision Name                      ; CPU_19_bit                                  ;
; Top-level Entity Name              ; CPU_19_bit                                  ;
; Family                             ; Cyclone IV E                                ;
; Total logic elements               ; 821                                         ;
;     Total combinational functions  ; 536                                         ;
;     Dedicated logic registers      ; 323                                         ;
; Total registers                    ; 323                                         ;
; Total pins                         ; 98                                          ;
; Total virtual pins                 ; 0                                           ;
; Total memory bits                  ; 0                                           ;
; Embedded Multiplier 9-bit elements ; 0                                           ;
; Total PLLs                         ; 0                                           ;
+------------------------------------+---------------------------------------------+


+------------------------------------------------------------------------------------------------------------+
; Analysis & Synthesis Settings                                                                              ;
+------------------------------------------------------------------+--------------------+--------------------+
; Option                                                           ; Setting            ; Default Value      ;
+------------------------------------------------------------------+--------------------+--------------------+
; Device                                                           ; EP4CE22F17C6       ;                    ;
; Top-level entity name                                            ; CPU_19_bit         ; CPU_19_bit         ;
; Family name                                                      ; Cyclone IV E       ; Cyclone V          ;
; Use smart compilation                                            ; Off                ; Off                ;
; Enable parallel Assembler and Timing Analyzer during compilation ; On                 ; On                 ;
; Enable compact report table                                      ; Off                ; Off                ;
; Restructure Multiplexers                                         ; Auto               ; Auto               ;
; Create Debugging Nodes for IP Cores                              ; Off                ; Off                ;
; Preserve fewer node names                                        ; On                 ; On                 ;
; Intel FPGA IP Evaluation Mode                                    ; Enable             ; Enable             ;
; Verilog Version                                                  ; Verilog_2001       ; Verilog_2001       ;
; VHDL Version                                                     ; VHDL_1993          ; VHDL_1993          ;
; State Machine Processing                                         ; Auto               ; Auto               ;
; Safe State Machine                                               ; Off                ; Off                ;
; Extract Verilog State Machines                                   ; On                 ; On                 ;
; Extract VHDL State Machines                                      ; On                 ; On                 ;
; Ignore Verilog initial constructs                                ; Off                ; Off                ;
; Iteration limit for constant Verilog loops                       ; 5000               ; 5000               ;
; Iteration limit for non-constant Verilog loops                   ; 250                ; 250                ;
; Add Pass-Through Logic to Inferred RAMs                          ; On                 ; On                 ;
; Infer RAMs from Raw Logic                                        ; On                 ; On                 ;
; Parallel Synthesis                                               ; On                 ; On                 ;
; DSP Block Balancing                                              ; Auto               ; Auto               ;
; NOT Gate Push-Back                                               ; On                 ; On                 ;
; Power-Up Don't Care                                              ; On                 ; On                 ;
; Remove Redundant Logic Cells                                     ; Off                ; Off                ;
; Remove Duplicate Registers                                       ; On                 ; On                 ;
; Ignore CARRY Buffers                                             ; Off                ; Off                ;
; Ignore CASCADE Buffers                                           ; Off                ; Off                ;
; Ignore GLOBAL Buffers                                            ; Off                ; Off                ;
; Ignore ROW GLOBAL Buffers                                        ; Off                ; Off                ;
; Ignore LCELL Buffers                                             ; Off                ; Off                ;
; Ignore SOFT Buffers                                              ; On                 ; On                 ;
; Limit AHDL Integers to 32 Bits                                   ; Off                ; Off                ;
; Optimization Technique                                           ; Balanced           ; Balanced           ;
; Carry Chain Length                                               ; 70                 ; 70                 ;
; Auto Carry Chains                                                ; On                 ; On                 ;
; Auto Open-Drain Pins                                             ; On                 ; On                 ;
; Perform WYSIWYG Primitive Resynthesis                            ; Off                ; Off                ;
; Auto ROM Replacement                                             ; On                 ; On                 ;
; Auto RAM Replacement                                             ; On                 ; On                 ;
; Auto DSP Block Replacement                                       ; On                 ; On                 ;
; Auto Shift Register Replacement                                  ; Auto               ; Auto               ;
; Allow Shift Register Merging across Hierarchies                  ; Auto               ; Auto               ;
; Auto Clock Enable Replacement                                    ; On                 ; On                 ;
; Strict RAM Replacement                                           ; Off                ; Off                ;
; Allow Synchronous Control Signals                                ; On                 ; On                 ;
; Force Use of Synchronous Clear Signals                           ; Off                ; Off                ;
; Auto RAM Block Balancing                                         ; On                 ; On                 ;
; Auto RAM to Logic Cell Conversion                                ; Off                ; Off                ;
; Auto Resource Sharing                                            ; Off                ; Off                ;
; Allow Any RAM Size For Recognition                               ; Off                ; Off                ;
; Allow Any ROM Size For Recognition                               ; Off                ; Off                ;
; Allow Any Shift Register Size For Recognition                    ; Off                ; Off                ;
; Use LogicLock Constraints during Resource Balancing              ; On                 ; On                 ;
; Ignore translate_off and synthesis_off directives                ; Off                ; Off                ;
; Timing-Driven Synthesis                                          ; On                 ; On                 ;
; Report Parameter Settings                                        ; On                 ; On                 ;
; Report Source Assignments                                        ; On                 ; On                 ;
; Report Connectivity Checks                                       ; On                 ; On                 ;
; Ignore Maximum Fan-Out Assignments                               ; Off                ; Off                ;
; Synchronization Register Chain Length                            ; 2                  ; 2                  ;
; Power Optimization During Synthesis                              ; Normal compilation ; Normal compilation ;
; HDL message level                                                ; Level2             ; Level2             ;
; Suppress Register Optimization Related Messages                  ; Off                ; Off                ;
; Number of Removed Registers Reported in Synthesis Report         ; 5000               ; 5000               ;
; Number of Swept Nodes Reported in Synthesis Report               ; 5000               ; 5000               ;
; Number of Inverted Registers Reported in Synthesis Report        ; 100                ; 100                ;
; Clock MUX Protection                                             ; On                 ; On                 ;
; Auto Gated Clock Conversion                                      ; Off                ; Off                ;
; Block Design Naming                                              ; Auto               ; Auto               ;
; SDC constraint protection                                        ; Off                ; Off                ;
; Synthesis Effort                                                 ; Auto               ; Auto               ;
; Shift Register Replacement - Allow Asynchronous Clear Signal     ; On                 ; On                 ;
; Pre-Mapping Resynthesis Optimization                             ; Off                ; Off                ;
; Analysis & Synthesis Message Level                               ; Medium             ; Medium             ;
; Disable Register Merging Across Hierarchies                      ; Auto               ; Auto               ;
; Resource Aware Inference For Block RAM                           ; On                 ; On                 ;
+------------------------------------------------------------------+--------------------+--------------------+


+------------------------------------------+
; Parallel Compilation                     ;
+----------------------------+-------------+
; Processors                 ; Number      ;
+----------------------------+-------------+
; Number detected on machine ; 16          ;
; Maximum allowed            ; 8           ;
;                            ;             ;
; Average used               ; 1.00        ;
; Maximum used               ; 8           ;
;                            ;             ;
; Usage by Processor         ; % Time Used ;
;     Processor 1            ; 100.0%      ;
;     Processors 2-8         ;   0.0%      ;
+----------------------------+-------------+


+-----------------------------------------------------------------------------------------------------------------------------------------+
; Analysis & Synthesis Source Files Read                                                                                                  ;
+----------------------------------+-----------------+------------------------+-------------------------------------------------+---------+
; File Name with User-Entered Path ; Used in Netlist ; File Type              ; File Name with Absolute Path                    ; Library ;
+----------------------------------+-----------------+------------------------+-------------------------------------------------+---------+
; datapath.v                       ; yes             ; User Verilog HDL File  ; C:/Users/asus/Desktop/CPU_19_Bit/datapath.v     ;         ;
; reg_file.v                       ; yes             ; User Verilog HDL File  ; C:/Users/asus/Desktop/CPU_19_Bit/reg_file.v     ;         ;
; alu.v                            ; yes             ; User Verilog HDL File  ; C:/Users/asus/Desktop/CPU_19_Bit/alu.v          ;         ;
; imm_extend.v                     ; yes             ; User Verilog HDL File  ; C:/Users/asus/Desktop/CPU_19_Bit/imm_extend.v   ;         ;
; adder.v                          ; yes             ; User Verilog HDL File  ; C:/Users/asus/Desktop/CPU_19_Bit/adder.v        ;         ;
; mux2.v                           ; yes             ; User Verilog HDL File  ; C:/Users/asus/Desktop/CPU_19_Bit/mux2.v         ;         ;
; reset_ff.v                       ; yes             ; User Verilog HDL File  ; C:/Users/asus/Desktop/CPU_19_Bit/reset_ff.v     ;         ;
; mux4.v                           ; yes             ; User Verilog HDL File  ; C:/Users/asus/Desktop/CPU_19_Bit/mux4.v         ;         ;
; main_decoder.v                   ; yes             ; User Verilog HDL File  ; C:/Users/asus/Desktop/CPU_19_Bit/main_decoder.v ;         ;
; CPU_19_bit.v                     ; yes             ; User Verilog HDL File  ; C:/Users/asus/Desktop/CPU_19_Bit/CPU_19_bit.v   ;         ;
+----------------------------------+-----------------+------------------------+-------------------------------------------------+---------+


+---------------------------------------------------------+
; Analysis & Synthesis Resource Usage Summary             ;
+---------------------------------------------+-----------+
; Resource                                    ; Usage     ;
+---------------------------------------------+-----------+
; Estimated Total logic elements              ; 821       ;
;                                             ;           ;
; Total combinational functions               ; 536       ;
; Logic element usage by number of LUT inputs ;           ;
;     -- 4 input functions                    ; 437       ;
;     -- 3 input functions                    ; 21        ;
;     -- <=2 input functions                  ; 78        ;
;                                             ;           ;
; Logic elements by mode                      ;           ;
;     -- normal mode                          ; 500       ;
;     -- arithmetic mode                      ; 36        ;
;                                             ;           ;
; Total registers                             ; 323       ;
;     -- Dedicated logic registers            ; 323       ;
;     -- I/O registers                        ; 0         ;
;                                             ;           ;
; I/O pins                                    ; 98        ;
;                                             ;           ;
; Embedded Multiplier 9-bit elements          ; 0         ;
;                                             ;           ;
; Maximum fan-out node                        ; clk~input ;
; Maximum fan-out                             ; 323       ;
; Total fan-out                               ; 3090      ;
; Average fan-out                             ; 2.93      ;
+---------------------------------------------+-----------+


+--------------------------------------------------------------------------------------------------------------------------------------------------------------------------------------------------------------------------------------+
; Analysis & Synthesis Resource Utilization by Entity                                                                                                                                                                                  ;
+------------------------------+---------------------+---------------------------+-------------+--------------+---------+-----------+------+--------------+----------------------------------------------+--------------+--------------+
; Compilation Hierarchy Node   ; Combinational ALUTs ; Dedicated Logic Registers ; Memory Bits ; DSP Elements ; DSP 9x9 ; DSP 18x18 ; Pins ; Virtual Pins ; Full Hierarchy Name                          ; Entity Name  ; Library Name ;
+------------------------------+---------------------+---------------------------+-------------+--------------+---------+-----------+------+--------------+----------------------------------------------+--------------+--------------+
; |CPU_19_bit                  ; 536 (0)             ; 323 (0)                   ; 0           ; 0            ; 0       ; 0         ; 98   ; 0            ; |CPU_19_bit                                  ; CPU_19_bit   ; work         ;
;    |datapath:Datapath|       ; 529 (0)             ; 323 (0)                   ; 0           ; 0            ; 0       ; 0         ; 0    ; 0            ; |CPU_19_bit|datapath:Datapath                ; datapath     ; work         ;
;       |adder:pcadd1|         ; 19 (19)             ; 0 (0)                     ; 0           ; 0            ; 0       ; 0         ; 0    ; 0            ; |CPU_19_bit|datapath:Datapath|adder:pcadd1   ; adder        ; work         ;
;       |alu:ALU|              ; 19 (19)             ; 0 (0)                     ; 0           ; 0            ; 0       ; 0         ; 0    ; 0            ; |CPU_19_bit|datapath:Datapath|alu:ALU        ; alu          ; work         ;
;       |mux4:resultMux|       ; 39 (39)             ; 0 (0)                     ; 0           ; 0            ; 0       ; 0         ; 0    ; 0            ; |CPU_19_bit|datapath:Datapath|mux4:resultMux ; mux4         ; work         ;
;       |reg_file:rf|          ; 452 (452)           ; 304 (304)                 ; 0           ; 0            ; 0       ; 0         ; 0    ; 0            ; |CPU_19_bit|datapath:Datapath|reg_file:rf    ; reg_file     ; work         ;
;       |reset_ff:pcreg|       ; 0 (0)               ; 19 (19)                   ; 0           ; 0            ; 0       ; 0         ; 0    ; 0            ; |CPU_19_bit|datapath:Datapath|reset_ff:pcreg ; reset_ff     ; work         ;
;    |main_decoder:controller| ; 7 (7)               ; 0 (0)                     ; 0           ; 0            ; 0       ; 0         ; 0    ; 0            ; |CPU_19_bit|main_decoder:controller          ; main_decoder ; work         ;
+------------------------------+---------------------+---------------------------+-------------+--------------+---------+-----------+------+--------------+----------------------------------------------+--------------+--------------+
Note: For table entries with two numbers listed, the numbers in parentheses indicate the number of resources of the given type used by the specific entity alone. The numbers listed outside of parentheses indicate the total resources of the given type used by the specific entity and all of its sub-entities in the hierarchy.


+------------------------------------------------------------------------------------------------------------+
; User-Specified and Inferred Latches                                                                        ;
+----------------------------------------------------+------------------------------+------------------------+
; Latch Name                                         ; Latch Enable Signal          ; Free of Timing Hazards ;
+----------------------------------------------------+------------------------------+------------------------+
; main_decoder:controller|controls[4]                ; main_decoder:controller|Mux0 ; yes                    ;
; main_decoder:controller|controls[5]                ; main_decoder:controller|Mux0 ; yes                    ;
; main_decoder:controller|controls[9]                ; main_decoder:controller|Mux0 ; yes                    ;
; Number of user-specified and inferred latches = 3  ;                              ;                        ;
+----------------------------------------------------+------------------------------+------------------------+
Note: All latches listed above may not be present at the end of synthesis due to various synthesis optimizations.


+------------------------------------------------------+
; General Register Statistics                          ;
+----------------------------------------------+-------+
; Statistic                                    ; Value ;
+----------------------------------------------+-------+
; Total registers                              ; 323   ;
; Number of registers using Synchronous Clear  ; 0     ;
; Number of registers using Synchronous Load   ; 0     ;
; Number of registers using Asynchronous Clear ; 19    ;
; Number of registers using Asynchronous Load  ; 0     ;
; Number of registers using Clock Enable       ; 304   ;
; Number of registers using Preset             ; 0     ;
+----------------------------------------------+-------+


+------------------------------------------------------------------------------------------------------------------------------------------------------------------+
; Multiplexer Restructuring Statistics (Restructuring Performed)                                                                                                   ;
+--------------------+-----------+---------------+----------------------+------------------------+------------+----------------------------------------------------+
; Multiplexer Inputs ; Bus Width ; Baseline Area ; Area if Restructured ; Saving if Restructured ; Registered ; Example Multiplexer Output                         ;
+--------------------+-----------+---------------+----------------------+------------------------+------------+----------------------------------------------------+
; 5:1                ; 19 bits   ; 57 LEs        ; 38 LEs               ; 19 LEs                 ; No         ; |CPU_19_bit|datapath:Datapath|mux4:resultMux|y[10] ;
+--------------------+-----------+---------------+----------------------+------------------------+------------+----------------------------------------------------+


+----------------------------------------------------------------------------------------------------------------------------------------------------------------------------------------------------------------+
; Port Connectivity Checks: "datapath:Datapath|alu:ALU"                                                                                                                                                          ;
+----------+-------+----------+----------------------------------------------------------------------------------------------------------------------------------------------------------------------------------+
; Port     ; Type  ; Severity ; Details                                                                                                                                                                          ;
+----------+-------+----------+----------------------------------------------------------------------------------------------------------------------------------------------------------------------------------+
; alu_ctrl ; Input ; Warning  ; Input port expression (4 bits) is wider than the input port (3 bits) it drives.  The 1 most-significant bit(s) in the expression will be dangling if they have no other fanouts. ;
+----------+-------+----------+----------------------------------------------------------------------------------------------------------------------------------------------------------------------------------+


+------------------------------------------------------------+
; Port Connectivity Checks: "datapath:Datapath|adder:pcadd1" ;
+----------+-------+----------+------------------------------+
; Port     ; Type  ; Severity ; Details                      ;
+----------+-------+----------+------------------------------+
; b[18..1] ; Input ; Info     ; Stuck at GND                 ;
; b[0]     ; Input ; Info     ; Stuck at VCC                 ;
+----------+-------+----------+------------------------------+


+------------------------------------------------------------------------------------------------------------------------------------------------------------------------------------+
; Port Connectivity Checks: "datapath:Datapath"                                                                                                                                      ;
+------------+-------+----------+----------------------------------------------------------------------------------------------------------------------------------------------------+
; Port       ; Type  ; Severity ; Details                                                                                                                                            ;
+------------+-------+----------+----------------------------------------------------------------------------------------------------------------------------------------------------+
; ALUControl ; Input ; Warning  ; Input port expression (3 bits) is smaller than the input port (4 bits) it drives.  Extra input bit(s) "ALUControl[3..3]" will be connected to GND. ;
+------------+-------+----------+----------------------------------------------------------------------------------------------------------------------------------------------------+


+---------------------------------------------------------------------------------------------------------------------------------------------------------------------------+
; Port Connectivity Checks: "main_decoder:controller"                                                                                                                       ;
+-------+--------+----------+-----------------------------------------------------------------------------------------------------------------------------------------------+
; Port  ; Type   ; Severity ; Details                                                                                                                                       ;
+-------+--------+----------+-----------------------------------------------------------------------------------------------------------------------------------------------+
; func3 ; Input  ; Warning  ; Input port expression (3 bits) is smaller than the input port (4 bits) it drives.  Extra input bit(s) "func3[3..3]" will be connected to GND. ;
; Zero  ; Output ; Info     ; Connected to dangling logic. Logic that only feeds a dangling port will be removed.                                                           ;
; Jump  ; Output ; Info     ; Connected to dangling logic. Logic that only feeds a dangling port will be removed.                                                           ;
+-------+--------+----------+-----------------------------------------------------------------------------------------------------------------------------------------------+


+-----------------------------------------------------+
; Post-Synthesis Netlist Statistics for Top Partition ;
+-----------------------+-----------------------------+
; Type                  ; Count                       ;
+-----------------------+-----------------------------+
; boundary_port         ; 98                          ;
; cycloneiii_ff         ; 323                         ;
;     CLR               ; 19                          ;
;     ENA               ; 304                         ;
; cycloneiii_lcell_comb ; 537                         ;
;     arith             ; 36                          ;
;         2 data inputs ; 18                          ;
;         3 data inputs ; 18                          ;
;     normal            ; 501                         ;
;         0 data inputs ; 1                           ;
;         1 data inputs ; 1                           ;
;         2 data inputs ; 59                          ;
;         3 data inputs ; 3                           ;
;         4 data inputs ; 437                         ;
;                       ;                             ;
; Max LUT depth         ; 7.80                        ;
; Average LUT depth     ; 5.35                        ;
+-----------------------+-----------------------------+


+-------------------------------+
; Elapsed Time Per Partition    ;
+----------------+--------------+
; Partition Name ; Elapsed Time ;
+----------------+--------------+
; Top            ; 00:00:01     ;
+----------------+--------------+


+-------------------------------+
; Analysis & Synthesis Messages ;
+-------------------------------+
Info: *******************************************************************
Info: Running Quartus Prime Analysis & Synthesis
    Info: Version 20.1.1 Build 720 11/11/2020 SJ Lite Edition
    Info: Processing started: Sat Oct 05 23:37:51 2024
Info: Command: quartus_map --read_settings_files=on --write_settings_files=off CPU_19_bit -c CPU_19_bit
Warning (18236): Number of processors has not been specified which may cause overloading on shared machines.  Set the global assignment NUM_PARALLEL_PROCESSORS in your QSF to an appropriate value for best performance.
Info (20030): Parallel compilation is enabled and will use 8 of the 8 processors detected
Info (12021): Found 1 design units, including 1 entities, in source file datapath.v
    Info (12023): Found entity 1: datapath File: C:/Users/asus/Desktop/CPU_19_Bit/datapath.v Line: 1
Info (12021): Found 1 design units, including 1 entities, in source file reg_file.v
    Info (12023): Found entity 1: reg_file File: C:/Users/asus/Desktop/CPU_19_Bit/reg_file.v Line: 4
Info (12021): Found 1 design units, including 1 entities, in source file alu.v
    Info (12023): Found entity 1: alu File: C:/Users/asus/Desktop/CPU_19_Bit/alu.v Line: 3
Info (12021): Found 1 design units, including 1 entities, in source file imm_extend.v
    Info (12023): Found entity 1: imm_extend File: C:/Users/asus/Desktop/CPU_19_Bit/imm_extend.v Line: 3
Info (12021): Found 1 design units, including 1 entities, in source file adder.v
    Info (12023): Found entity 1: adder File: C:/Users/asus/Desktop/CPU_19_Bit/adder.v Line: 3
Info (12021): Found 1 design units, including 1 entities, in source file mux2.v
    Info (12023): Found entity 1: mux2 File: C:/Users/asus/Desktop/CPU_19_Bit/mux2.v Line: 3
Info (12021): Found 1 design units, including 1 entities, in source file reset_ff.v
    Info (12023): Found entity 1: reset_ff File: C:/Users/asus/Desktop/CPU_19_Bit/reset_ff.v Line: 2
Info (12021): Found 1 design units, including 1 entities, in source file mux4.v
    Info (12023): Found entity 1: mux4 File: C:/Users/asus/Desktop/CPU_19_Bit/mux4.v Line: 3
Info (12021): Found 1 design units, including 1 entities, in source file main_decoder.v
    Info (12023): Found entity 1: main_decoder File: C:/Users/asus/Desktop/CPU_19_Bit/main_decoder.v Line: 1
Info (12021): Found 1 design units, including 1 entities, in source file cpu_19_bit.v
    Info (12023): Found entity 1: CPU_19_bit File: C:/Users/asus/Desktop/CPU_19_Bit/CPU_19_bit.v Line: 1
Warning (10236): Verilog HDL Implicit Net warning at main_decoder.v(38): created implicit net for "aluCtrl" File: C:/Users/asus/Desktop/CPU_19_Bit/main_decoder.v Line: 38
Warning (10236): Verilog HDL Implicit Net warning at CPU_19_bit.v(21): created implicit net for "PcSrc" File: C:/Users/asus/Desktop/CPU_19_Bit/CPU_19_bit.v Line: 21
Info (12127): Elaborating entity "CPU_19_bit" for the top level hierarchy
Info (12128): Elaborating entity "main_decoder" for hierarchy "main_decoder:controller" File: C:/Users/asus/Desktop/CPU_19_Bit/CPU_19_bit.v Line: 23
Warning (10036): Verilog HDL or VHDL warning at main_decoder.v(38): object "aluCtrl" assigned a value but never read File: C:/Users/asus/Desktop/CPU_19_Bit/main_decoder.v Line: 38
Warning (10270): Verilog HDL Case Statement warning at main_decoder.v(20): incomplete case statement has no default case item File: C:/Users/asus/Desktop/CPU_19_Bit/main_decoder.v Line: 20
Warning (10270): Verilog HDL Case Statement warning at main_decoder.v(31): incomplete case statement has no default case item File: C:/Users/asus/Desktop/CPU_19_Bit/main_decoder.v Line: 31
Warning (10240): Verilog HDL Always Construct warning at main_decoder.v(20): inferring latch(es) for variable "controls", which holds its previous value in one or more paths through the always construct File: C:/Users/asus/Desktop/CPU_19_Bit/main_decoder.v Line: 20
Warning (10230): Verilog HDL assignment warning at main_decoder.v(38): truncated value with size 12 to match size of target (10) File: C:/Users/asus/Desktop/CPU_19_Bit/main_decoder.v Line: 38
Warning (10030): Net "alu_ctrl[2..1]" at main_decoder.v(10) has no driver or initial value, using a default initial value '0' File: C:/Users/asus/Desktop/CPU_19_Bit/main_decoder.v Line: 10
Warning (10030): Net "Zero" at main_decoder.v(5) has no driver or initial value, using a default initial value '0' File: C:/Users/asus/Desktop/CPU_19_Bit/main_decoder.v Line: 5
Warning (10034): Output port "alu_ctrl[0]" at main_decoder.v(10) has no driver File: C:/Users/asus/Desktop/CPU_19_Bit/main_decoder.v Line: 10
Info (10041): Inferred latch for "controls[1]" at main_decoder.v(20) File: C:/Users/asus/Desktop/CPU_19_Bit/main_decoder.v Line: 20
Info (10041): Inferred latch for "controls[2]" at main_decoder.v(20) File: C:/Users/asus/Desktop/CPU_19_Bit/main_decoder.v Line: 20
Info (10041): Inferred latch for "controls[3]" at main_decoder.v(20) File: C:/Users/asus/Desktop/CPU_19_Bit/main_decoder.v Line: 20
Info (10041): Inferred latch for "controls[4]" at main_decoder.v(20) File: C:/Users/asus/Desktop/CPU_19_Bit/main_decoder.v Line: 20
Info (10041): Inferred latch for "controls[5]" at main_decoder.v(20) File: C:/Users/asus/Desktop/CPU_19_Bit/main_decoder.v Line: 20
Info (10041): Inferred latch for "controls[6]" at main_decoder.v(20) File: C:/Users/asus/Desktop/CPU_19_Bit/main_decoder.v Line: 20
Info (10041): Inferred latch for "controls[7]" at main_decoder.v(20) File: C:/Users/asus/Desktop/CPU_19_Bit/main_decoder.v Line: 20
Info (10041): Inferred latch for "controls[8]" at main_decoder.v(20) File: C:/Users/asus/Desktop/CPU_19_Bit/main_decoder.v Line: 20
Info (10041): Inferred latch for "controls[9]" at main_decoder.v(20) File: C:/Users/asus/Desktop/CPU_19_Bit/main_decoder.v Line: 20
Info (12128): Elaborating entity "datapath" for hierarchy "datapath:Datapath" File: C:/Users/asus/Desktop/CPU_19_Bit/CPU_19_bit.v Line: 37
Info (12128): Elaborating entity "reset_ff" for hierarchy "datapath:Datapath|reset_ff:pcreg" File: C:/Users/asus/Desktop/CPU_19_Bit/datapath.v Line: 21
Info (12128): Elaborating entity "adder" for hierarchy "datapath:Datapath|adder:pcadd1" File: C:/Users/asus/Desktop/CPU_19_Bit/datapath.v Line: 22
Info (12128): Elaborating entity "mux2" for hierarchy "datapath:Datapath|mux2:pcmux" File: C:/Users/asus/Desktop/CPU_19_Bit/datapath.v Line: 23
Info (12128): Elaborating entity "reg_file" for hierarchy "datapath:Datapath|reg_file:rf" File: C:/Users/asus/Desktop/CPU_19_Bit/datapath.v Line: 26
Warning (10230): Verilog HDL assignment warning at reg_file.v(25): truncated value with size 32 to match size of target (19) File: C:/Users/asus/Desktop/CPU_19_Bit/reg_file.v Line: 25
Warning (10230): Verilog HDL assignment warning at reg_file.v(26): truncated value with size 32 to match size of target (19) File: C:/Users/asus/Desktop/CPU_19_Bit/reg_file.v Line: 26
Info (12128): Elaborating entity "imm_extend" for hierarchy "datapath:Datapath|imm_extend:immExt" File: C:/Users/asus/Desktop/CPU_19_Bit/datapath.v Line: 27
Warning (10270): Verilog HDL Case Statement warning at imm_extend.v(10): incomplete case statement has no default case item File: C:/Users/asus/Desktop/CPU_19_Bit/imm_extend.v Line: 10
Warning (10240): Verilog HDL Always Construct warning at imm_extend.v(10): inferring latch(es) for variable "immext", which holds its previous value in one or more paths through the always construct File: C:/Users/asus/Desktop/CPU_19_Bit/imm_extend.v Line: 10
Info (10041): Inferred latch for "immext[0]" at imm_extend.v(10) File: C:/Users/asus/Desktop/CPU_19_Bit/imm_extend.v Line: 10
Info (10041): Inferred latch for "immext[1]" at imm_extend.v(10) File: C:/Users/asus/Desktop/CPU_19_Bit/imm_extend.v Line: 10
Info (10041): Inferred latch for "immext[2]" at imm_extend.v(10) File: C:/Users/asus/Desktop/CPU_19_Bit/imm_extend.v Line: 10
Info (10041): Inferred latch for "immext[3]" at imm_extend.v(10) File: C:/Users/asus/Desktop/CPU_19_Bit/imm_extend.v Line: 10
Info (10041): Inferred latch for "immext[4]" at imm_extend.v(10) File: C:/Users/asus/Desktop/CPU_19_Bit/imm_extend.v Line: 10
Info (10041): Inferred latch for "immext[5]" at imm_extend.v(10) File: C:/Users/asus/Desktop/CPU_19_Bit/imm_extend.v Line: 10
Info (10041): Inferred latch for "immext[6]" at imm_extend.v(10) File: C:/Users/asus/Desktop/CPU_19_Bit/imm_extend.v Line: 10
Info (10041): Inferred latch for "immext[7]" at imm_extend.v(10) File: C:/Users/asus/Desktop/CPU_19_Bit/imm_extend.v Line: 10
Info (10041): Inferred latch for "immext[8]" at imm_extend.v(10) File: C:/Users/asus/Desktop/CPU_19_Bit/imm_extend.v Line: 10
Info (10041): Inferred latch for "immext[9]" at imm_extend.v(10) File: C:/Users/asus/Desktop/CPU_19_Bit/imm_extend.v Line: 10
Info (10041): Inferred latch for "immext[10]" at imm_extend.v(10) File: C:/Users/asus/Desktop/CPU_19_Bit/imm_extend.v Line: 10
Info (10041): Inferred latch for "immext[11]" at imm_extend.v(10) File: C:/Users/asus/Desktop/CPU_19_Bit/imm_extend.v Line: 10
Info (10041): Inferred latch for "immext[12]" at imm_extend.v(10) File: C:/Users/asus/Desktop/CPU_19_Bit/imm_extend.v Line: 10
Info (10041): Inferred latch for "immext[13]" at imm_extend.v(10) File: C:/Users/asus/Desktop/CPU_19_Bit/imm_extend.v Line: 10
Info (10041): Inferred latch for "immext[14]" at imm_extend.v(10) File: C:/Users/asus/Desktop/CPU_19_Bit/imm_extend.v Line: 10
Info (10041): Inferred latch for "immext[15]" at imm_extend.v(10) File: C:/Users/asus/Desktop/CPU_19_Bit/imm_extend.v Line: 10
Info (10041): Inferred latch for "immext[16]" at imm_extend.v(10) File: C:/Users/asus/Desktop/CPU_19_Bit/imm_extend.v Line: 10
Info (10041): Inferred latch for "immext[17]" at imm_extend.v(10) File: C:/Users/asus/Desktop/CPU_19_Bit/imm_extend.v Line: 10
Info (10041): Inferred latch for "immext[18]" at imm_extend.v(10) File: C:/Users/asus/Desktop/CPU_19_Bit/imm_extend.v Line: 10
Info (12128): Elaborating entity "alu" for hierarchy "datapath:Datapath|alu:ALU" File: C:/Users/asus/Desktop/CPU_19_Bit/datapath.v Line: 30
Warning (10230): Verilog HDL assignment warning at alu.v(14): truncated value with size 32 to match size of target (19) File: C:/Users/asus/Desktop/CPU_19_Bit/alu.v Line: 14
Warning (10235): Verilog HDL Always Construct warning at alu.v(22): variable "L" is read inside the Always Construct but isn't in the Always Construct's Event Control File: C:/Users/asus/Desktop/CPU_19_Bit/alu.v Line: 22
Warning (10230): Verilog HDL assignment warning at alu.v(25): truncated value with size 32 to match size of target (19) File: C:/Users/asus/Desktop/CPU_19_Bit/alu.v Line: 25
Warning (10230): Verilog HDL assignment warning at alu.v(26): truncated value with size 32 to match size of target (19) File: C:/Users/asus/Desktop/CPU_19_Bit/alu.v Line: 26
Warning (10270): Verilog HDL Case Statement warning at alu.v(24): incomplete case statement has no default case item File: C:/Users/asus/Desktop/CPU_19_Bit/alu.v Line: 24
Info (12128): Elaborating entity "mux4" for hierarchy "datapath:Datapath|mux4:resultMux" File: C:/Users/asus/Desktop/CPU_19_Bit/datapath.v Line: 33
Info (276014): Found 1 instances of uninferred RAM logic
    Info (276007): RAM logic "datapath:Datapath|reg_file:rf|reg_file_arr" is uninferred due to asynchronous read logic File: C:/Users/asus/Desktop/CPU_19_Bit/reg_file.v Line: 12
Warning (12241): 3 hierarchies have connectivity warnings - see the Connectivity Checks report folder
Warning (13012): Latch main_decoder:controller|controls[4] has unsafe behavior File: C:/Users/asus/Desktop/CPU_19_Bit/main_decoder.v Line: 20
    Warning (13013): Ports D and ENA on the latch are fed by the same signal Instr[0] File: C:/Users/asus/Desktop/CPU_19_Bit/CPU_19_bit.v Line: 4
Warning (13012): Latch main_decoder:controller|controls[5] has unsafe behavior File: C:/Users/asus/Desktop/CPU_19_Bit/main_decoder.v Line: 20
    Warning (13013): Ports D and ENA on the latch are fed by the same signal Instr[0] File: C:/Users/asus/Desktop/CPU_19_Bit/CPU_19_bit.v Line: 4
Warning (13012): Latch main_decoder:controller|controls[9] has unsafe behavior File: C:/Users/asus/Desktop/CPU_19_Bit/main_decoder.v Line: 20
    Warning (13013): Ports D and ENA on the latch are fed by the same signal Instr[1] File: C:/Users/asus/Desktop/CPU_19_Bit/CPU_19_bit.v Line: 4
Warning (13024): Output pins are stuck at VCC or GND
    Warning (13410): Pin "MemWrite" is stuck at GND File: C:/Users/asus/Desktop/CPU_19_Bit/CPU_19_bit.v Line: 5
Info (286030): Timing-Driven Synthesis is running
Info (144001): Generated suppressed messages file C:/Users/asus/Desktop/CPU_19_Bit/output_files/CPU_19_bit.map.smsg
Info (16010): Generating hard_block partition "hard_block:auto_generated_inst"
    Info (16011): Adding 0 node(s), including 0 DDIO, 0 PLL, 0 transceiver and 0 LCELL
Info (21057): Implemented 957 device resources after synthesis - the final resource count might be different
    Info (21058): Implemented 40 input pins
    Info (21059): Implemented 58 output pins
    Info (21061): Implemented 859 logic cells
Info: Quartus Prime Analysis & Synthesis was successful. 0 errors, 29 warnings
    Info: Peak virtual memory: 4803 megabytes
    Info: Processing ended: Sat Oct 05 23:38:01 2024
    Info: Elapsed time: 00:00:10
    Info: Total CPU time (on all processors): 00:00:15


+------------------------------------------+
; Analysis & Synthesis Suppressed Messages ;
+------------------------------------------+
The suppressed messages can be found in C:/Users/asus/Desktop/CPU_19_Bit/output_files/CPU_19_bit.map.smsg.


